<?xml version="1.0" encoding="UTF-8"?>
<testsuite xmlns:xsi="http://www.w3.org/2001/XMLSchema-instance" xsi:noNamespaceSchemaLocation="https://maven.apache.org/surefire/maven-surefire-plugin/xsd/surefire-test-report.xsd" version="3.0.2" name="humaneval.correct.MAX_ELEMENTTest" time="0.025" tests="6" errors="0" skipped="0" failures="1">
  <properties>
[...]
</properties>
  <testcase name="testMaxElementWithEmptyList" classname="humaneval.correct.MAX_ELEMENTTest" time="0.006">
    <failure message="Unexpected exception type thrown, expected: &lt;java.lang.IllegalArgumentException&gt; but was: &lt;java.lang.ArrayIndexOutOfBoundsException&gt;" type="org.opentest4j.AssertionFailedError"><![CDATA[org.opentest4j.AssertionFailedError: Unexpected exception type thrown, expected: <java.lang.IllegalArgumentException> but was: <java.lang.ArrayIndexOutOfBoundsException>
	at org.junit.jupiter.api.AssertionFailureBuilder.build(AssertionFailureBuilder.java:151)
	at org.junit.jupiter.api.AssertThrows.assertThrows(AssertThrows.java:67)
	at org.junit.jupiter.api.AssertThrows.assertThrows(AssertThrows.java:35)
	at org.junit.jupiter.api.Assertions.assertThrows(Assertions.java:3115)
	at humaneval.correct.MAX_ELEMENTTest.testMaxElementWithEmptyList(MAX_ELEMENTTest.java:42)
	at java.base/java.lang.reflect.Method.invoke(Method.java:580)
	at java.base/java.util.ArrayList.forEach(ArrayList.java:1597)
	at java.base/java.util.ArrayList.forEach(ArrayList.java:1597)
Caused by: java.lang.ArrayIndexOutOfBoundsException: Index 0 out of bounds for length 0
	at java.base/java.util.Arrays$ArrayList.get(Arrays.java:4227)
	at humaneval.correct.MAX_ELEMENT.max_element(MAX_ELEMENT.java:7)
	at humaneval.correct.MAX_ELEMENTTest.lambda$testMaxElementWithEmptyList$0(MAX_ELEMENTTest.java:42)
	at org.junit.jupiter.api.AssertThrows.assertThrows(AssertThrows.java:53)
	... 6 more
]]></failure>
  </testcase>
  <testcase name="testMaxElementWithPositiveNumbers" classname="humaneval.correct.MAX_ELEMENTTest" time="0.002"/>
  <testcase name="testMaxElementWithMixedNumbers" classname="humaneval.correct.MAX_ELEMENTTest" time="0.001"/>
  <testcase name="testMaxElementWithNegativeNumbers" classname="humaneval.correct.MAX_ELEMENTTest" time="0.001"/>
  <testcase name="testMaxElementWithSingleElementList" classname="humaneval.correct.MAX_ELEMENTTest" time="0.001"/>
  <testcase name="testMaxElementWithZero" classname="humaneval.correct.MAX_ELEMENTTest" time="0.002"/>
</testsuite>