<?xml version="1.0" encoding="UTF-8"?>
<testsuite xmlns:xsi="http://www.w3.org/2001/XMLSchema-instance" xsi:noNamespaceSchemaLocation="https://maven.apache.org/surefire/maven-surefire-plugin/xsd/surefire-test-report.xsd" version="3.0.2" name="humaneval.correct.IS_PRIMETest" time="0.051" tests="16" errors="0" skipped="0" failures="0">
  <properties>
[...]
</properties>
  <testcase name="testIsPrimeWithSmallNonPrimeNumber" classname="humaneval.correct.IS_PRIMETest" time="0.003"/>
  <testcase name="testIsPrimeWithFive" classname="humaneval.correct.IS_PRIMETest" time="0.002"/>
  <testcase name="testIsPrimeWithFour" classname="humaneval.correct.IS_PRIMETest" time="0.0"/>
  <testcase name="testIsPrimeWithNine" classname="humaneval.correct.IS_PRIMETest" time="0.001"/>
  <testcase name="testIsPrimeWithZero" classname="humaneval.correct.IS_PRIMETest" time="0.001"/>
  <testcase name="testIsPrimeWithEight" classname="humaneval.correct.IS_PRIMETest" time="0.001"/>
  <testcase name="testIsPrimeWithSeven" classname="humaneval.correct.IS_PRIMETest" time="0.002"/>
  <testcase name="testIsPrimeWithThree" classname="humaneval.correct.IS_PRIMETest" time="0.002"/>
  <testcase name="testIsPrimeWithNegativeNumber" classname="humaneval.correct.IS_PRIMETest" time="0.002"/>
  <testcase name="testIsPrimeWithLargePrimeNumber" classname="humaneval.correct.IS_PRIMETest" time="0.002"/>
  <testcase name="testIsPrimeWithLargeNumber" classname="humaneval.correct.IS_PRIMETest" time="0.002"/>
  <testcase name="testIsPrimeWithOne" classname="humaneval.correct.IS_PRIMETest" time="0.002"/>
  <testcase name="testIsPrimeWithSix" classname="humaneval.correct.IS_PRIMETest" time="0.002"/>
  <testcase name="testIsPrimeWithTen" classname="humaneval.correct.IS_PRIMETest" time="0.002"/>
  <testcase name="testIsPrimeWithTwo" classname="humaneval.correct.IS_PRIMETest" time="0.001"/>
  <testcase name="testIsPrimeWithSmallPrimeNumber" classname="humaneval.correct.IS_PRIMETest" time="0.001"/>
</testsuite>